  Planet.cpp
C:\ITMO\Computer Graphics 2023\CG2023\CG\SolarSystem\Source\GameObjects\Planet.h(29,34): error C2555: 'Planet::GetLocalTransform': overriding virtual function return type differs and is not covariant from 'FGameObject::GetLocalTransform'
C:\ITMO\Computer Graphics 2023\CG2023\CG\GameFramework\Source\GameObjects\GameObject.h(41,38): message : see declaration of 'FGameObject::GetLocalTransform'
C:\ITMO\Computer Graphics 2023\CG2023\CG\SolarSystem\Source\GameObjects\Planet.h(38,29): warning C4244: 'initializing': conversion from 'float' to 'int', possible loss of data
C:\ITMO\Computer Graphics 2023\CG2023\CG\SolarSystem\Source\GameObjects\Planet.h(39,27): warning C4244: 'initializing': conversion from 'float' to 'int', possible loss of data
C:\ITMO\Computer Graphics 2023\CG2023\CG\SolarSystem\Source\GameObjects\Planet.cpp(54,18): error C2039: 'UpdateWorldMatrix': is not a member of 'FGameObject'
C:\ITMO\Computer Graphics 2023\CG2023\CG\GameFramework\Source\Components\RenderComponent.h(9,7): message : see declaration of 'FGameObject'
C:\ITMO\Computer Graphics 2023\CG2023\CG\SolarSystem\Source\GameObjects\Planet.cpp(56,5): error C2065: 'WorldView': undeclared identifier
C:\ITMO\Computer Graphics 2023\CG2023\CG\SolarSystem\Source\GameObjects\Planet.cpp(79,36): warning C4244: 'argument': conversion from 'double' to 'float', possible loss of data
C:\ITMO\Computer Graphics 2023\CG2023\CG\SolarSystem\Source\GameObjects\Planet.cpp(78,25): warning C4244: 'argument': conversion from 'double' to 'float', possible loss of data
C:\ITMO\Computer Graphics 2023\CG2023\CG\SolarSystem\Source\GameObjects\Planet.cpp(77,69): warning C4244: 'argument': conversion from 'double' to 'float', possible loss of data
C:\ITMO\Computer Graphics 2023\CG2023\CG\SolarSystem\Source\GameObjects\Planet.cpp(117,49): warning C4267: '=': conversion from 'size_t' to 'int', possible loss of data
C:\ITMO\Computer Graphics 2023\CG2023\CG\SolarSystem\Source\GameObjects\Planet.cpp(120,41): warning C4267: 'argument': conversion from 'size_t' to '_Ty', possible loss of data
          with
          [
              _Ty=int
          ]
  main.cpp
  SolarSystemGame.cpp
C:\ITMO\Computer Graphics 2023\CG2023\CG\SolarSystem\Source\GameObjects\Planet.h(29,34): error C2555: 'Planet::GetLocalTransform': overriding virtual function return type differs and is not covariant from 'FGameObject::GetLocalTransform'
C:\ITMO\Computer Graphics 2023\CG2023\CG\GameFramework\Source\GameObjects\GameObject.h(41,38): message : see declaration of 'FGameObject::GetLocalTransform'
C:\ITMO\Computer Graphics 2023\CG2023\CG\SolarSystem\Source\GameObjects\Planet.h(38,29): warning C4244: 'initializing': conversion from 'float' to 'int', possible loss of data
C:\ITMO\Computer Graphics 2023\CG2023\CG\SolarSystem\Source\GameObjects\Planet.h(39,27): warning C4244: 'initializing': conversion from 'float' to 'int', possible loss of data
  Generating Code...
